<?xml version="1.0" encoding="UTF-8"?>
<!-- Generated by org.testng.reporters.JUnitReportReporter -->
<testsuite hostname="Nitin-Yadav" failures="0" tests="1" name="LoginTest" time="7.810" errors="0" timestamp="2025-08-23T12:57:44 IST" skipped="0">
  <testcase classname="LoginTest" name="validLoginTest1" time="7.810"/>
</testsuite> <!-- LoginTest -->
