<?xml version="1.0" encoding="UTF-8"?>
<!-- Generated by org.testng.reporters.JUnitReportReporter -->
<testsuite hostname="Nitin-Yadav" failures="0" tests="1" name="Prod_Test" time="11.791" errors="0" timestamp="2025-08-31T11:36:37 IST" skipped="0">
  <testcase classname="Prod_Test" name="Prod_Test" time="11.791"/>
</testsuite> <!-- Prod_Test -->
