<?xml version="1.0" encoding="UTF-8"?>
<!-- Generated by org.testng.reporters.JUnitReportReporter -->
<testsuite hostname="Nitin-Yadav" failures="0" tests="1" name="Prod_Test" time="12.841" errors="0" timestamp="2025-08-30T23:39:33 IST" skipped="0">
  <testcase classname="Prod_Test" name="Prod_Test" time="12.841"/>
</testsuite> <!-- Prod_Test -->
